#
# A fatal error has been detected by the Java Runtime Environment:
#
#  EXCEPTION_ACCESS_VIOLATION (0xc0000005) at pc=0x000000005198a0a5, pid=7828, tid=0x0000000000001be8
#
# JRE version: Java(TM) SE Runtime Environment (8.0_101-b13) (build 1.8.0_101-b13)
# Java VM: Java HotSpot(TM) 64-Bit Server VM (25.101-b13 mixed mode windows-amd64 compressed oops)
# Problematic frame:
# V  [jvm.dll+0x12a0a5]
#
# Failed to write core dump. Minidumps are not enabled by default on client versions of Windows
#
# If you would like to submit a bug report, please visit:
#   http://bugreport.java.com/bugreport/crash.jsp
#

---------------  T H R E A D  ---------------

Current thread (0x00000000193e3800):  JavaThread "JDWP Transport Listener: dt_socket" daemon [_thread_in_vm, id=7144, stack(0x0000000019e50000,0x0000000019f50000)]

siginfo: ExceptionCode=0xc0000005, reading address 0x00003b72003b3124

Registers:
RAX=0x0000000019f4f601, RBX=0x00000000193e3800, RCX=0x00003b72003b3124, RDX=0x0000000000000000
RSP=0x0000000019f4f670, RBP=0x00003b72003b3124, RSI=0x0000000019f4f788, RDI=0x0000000002428790
R8 =0x00000000193e3800, R9 =0x0000000000008000, R10=0x0000000000000000, R11=0x0000000021784360
R12=0x0000000000000000, R13=0x00000000193e17c8, R14=0x0000000000000000, R15=0x0000000000000000
RIP=0x000000005198a0a5, EFLAGS=0x0000000000010206

Top of Stack: (sp=0x0000000019f4f670)
0x0000000019f4f670:   00000000193e3800 00000000193e3800
0x0000000019f4f680:   0000000019f4f738 0000000051b92f0b
0x0000000019f4f690:   00000000193e3800 0000000051baf76d
0x0000000019f4f6a0:   0000000000000000 0000000050559155
0x0000000019f4f6b0:   000000001d4eeb68 000000005056291e
0x0000000019f4f6c0:   00000000193e3800 0000000000000000
0x0000000019f4f6d0:   0000000000000000 0000000000000000
0x0000000019f4f6e0:   00003b72003b3124 0000000050561a15
0x0000000019f4f6f0:   0000000019f4f788 0000000019f4f760
0x0000000019f4f700:   0000000000000001 000000001d4eeb68
0x0000000019f4f710:   00003b72003b3124 00000000505453b3
0x0000000019f4f720:   0000000019f4f850 0000000000000001
0x0000000019f4f730:   0000000000000001 000000001d4eeb68
0x0000000019f4f740:   00000000f000100a 0000000000000000
0x0000000019f4f750:   0000000000000000 0000000000000000
0x0000000019f4f760:   0000000000000001 0000000050545571 

Instructions: (pc=0x000000005198a0a5)
0x000000005198a085:   cc cc cc cc cc cc cc cc cc cc cc 48 83 ec 28 48
0x000000005198a095:   85 c9 75 07 33 c0 48 83 c4 28 c3 48 89 5c 24 20
0x000000005198a0a5:   48 8b 19 48 85 db 74 20 48 83 fb 37 74 1a 48 8b
0x000000005198a0b5:   13 48 8b cb ff 52 10 84 c0 74 0d 48 8b c3 48 8b 


Register to memory mapping:

RAX=0x0000000019f4f601 is pointing into the stack for thread: 0x00000000193e3800
RBX=0x00000000193e3800 is a thread
RCX=0x00003b72003b3124 is an unknown value
RDX=0x0000000000000000 is an unknown value
RSP=0x0000000019f4f670 is pointing into the stack for thread: 0x00000000193e3800
RBP=0x00003b72003b3124 is an unknown value
RSI=0x0000000019f4f788 is pointing into the stack for thread: 0x00000000193e3800
RDI=0x0000000002428790 is an unknown value
R8 =0x00000000193e3800 is a thread
R9 =0x0000000000008000 is an unknown value
R10=0x0000000000000000 is an unknown value
R11=0x0000000021784360 is an unknown value
R12=0x0000000000000000 is an unknown value
R13=0x00000000193e17c8 is an unknown value
R14=0x0000000000000000 is an unknown value
R15=0x0000000000000000 is an unknown value


Stack: [0x0000000019e50000,0x0000000019f50000],  sp=0x0000000019f4f670,  free space=1021k
Native frames: (J=compiled Java code, j=interpreted, Vv=VM code, C=native code)
V  [jvm.dll+0x12a0a5]
V  [jvm.dll+0x34f76d]
C  [jdwp.dll+0x21a15]
C  [jdwp.dll+0x53b3]
C  [jdwp.dll+0x5571]
C  [jdwp.dll+0xf0a8]
C  [jdwp.dll+0x1f2d5]
C  [jdwp.dll+0x1f4aa]
V  [jvm.dll+0x1bd258]
V  [jvm.dll+0x2451a4]
V  [jvm.dll+0x29c18a]
C  [msvcr100.dll+0x21d9f]
C  [msvcr100.dll+0x21e3b]
C  [KERNEL32.DLL+0x13d2]
C  [ntdll.dll+0x154e4]


---------------  P R O C E S S  ---------------

Java Threads: ( => current thread )
  0x0000000020b0f800 JavaThread "restartedMain" [_thread_blocked, id=8188, stack(0x000000001c7a0000,0x000000001c8a0000)]
  0x0000000020b1a800 JavaThread "Thread-11" [_thread_blocked, id=3292, stack(0x000000001c8a0000,0x000000001c9a0000)]
  0x0000000020b15000 JavaThread "DestroyJavaVM" [_thread_blocked, id=8680, stack(0x00000000022a0000,0x00000000023a0000)]
  0x0000000020b10800 JavaThread "Live Reload Server" daemon [_thread_in_native, id=7244, stack(0x000000002ad50000,0x000000002ae50000)]
  0x000000001baeb800 JavaThread "JMX server connection timeout 25" daemon [_thread_blocked, id=6696, stack(0x000000001cea0000,0x000000001cfa0000)]
  0x000000001bae4000 JavaThread "RMI TCP Connection(idle)" daemon [_thread_blocked, id=3000, stack(0x000000001cda0000,0x000000001cea0000)]
  0x000000001badf000 JavaThread "RMI Scheduler(0)" daemon [_thread_blocked, id=5952, stack(0x000000001cca0000,0x000000001cda0000)]
  0x000000001af13000 JavaThread "RMI TCP Accept-0" daemon [_thread_in_native, id=360, stack(0x000000001c020000,0x000000001c120000)]
  0x000000001b1e9800 JavaThread "RMI TCP Accept-3291" daemon [_thread_in_native, id=1416, stack(0x000000001bf20000,0x000000001c020000)]
  0x000000001b017800 JavaThread "RMI TCP Accept-0" daemon [_thread_blocked, id=8088, stack(0x000000001be20000,0x000000001bf20000)]
  0x0000000019459000 JavaThread "Service Thread" daemon [_thread_blocked, id=5908, stack(0x000000001a550000,0x000000001a650000)]
  0x000000001940b800 JavaThread "C1 CompilerThread3" daemon [_thread_blocked, id=3032, stack(0x000000001a450000,0x000000001a550000)]
  0x0000000019406800 JavaThread "C2 CompilerThread2" daemon [_thread_blocked, id=5756, stack(0x000000001a350000,0x000000001a450000)]
  0x0000000019405000 JavaThread "C2 CompilerThread1" daemon [_thread_blocked, id=4236, stack(0x000000001a250000,0x000000001a350000)]
  0x00000000193fb000 JavaThread "C2 CompilerThread0" daemon [_thread_blocked, id=7864, stack(0x000000001a150000,0x000000001a250000)]
  0x00000000193f7800 JavaThread "JDWP Command Reader" daemon [_thread_in_native, id=5732, stack(0x000000001a050000,0x000000001a150000)]
  0x00000000193ed000 JavaThread "JDWP Event Helper Thread" daemon [_thread_blocked, id=8760, stack(0x0000000019f50000,0x000000001a050000)]
=>0x00000000193e3800 JavaThread "JDWP Transport Listener: dt_socket" daemon [_thread_in_vm, id=7144, stack(0x0000000019e50000,0x0000000019f50000)]
  0x00000000193c9800 JavaThread "Attach Listener" daemon [_thread_blocked, id=9124, stack(0x0000000019a70000,0x0000000019b70000)]
  0x00000000193c8800 JavaThread "Signal Dispatcher" daemon [_thread_blocked, id=9160, stack(0x0000000019970000,0x0000000019a70000)]
  0x00000000193b0800 JavaThread "Finalizer" daemon [_thread_blocked, id=9012, stack(0x0000000019790000,0x0000000019890000)]
  0x00000000174d5800 JavaThread "Reference Handler" daemon [_thread_blocked, id=4592, stack(0x0000000019290000,0x0000000019390000)]

Other Threads:
  0x00000000174cd800 VMThread [stack: 0x0000000019190000,0x0000000019290000] [id=6264]
  0x000000001b121800 WatcherThread [stack: 0x000000001c120000,0x000000001c220000] [id=7476]

VM state:synchronizing (normal execution)

VM Mutex/Monitor currently owned by a thread:  ([mutex/lock_event])
[0x000000000242c320] Threads_lock - owner thread: 0x00000000174cd800
[0x000000000242c730] CompiledIC_lock - owner thread: 0x0000000020b0f800

Heap:
 PSYoungGen      total 663040K, used 179661K [0x00000000d5d80000, 0x0000000100000000, 0x0000000100000000)
  eden space 637440K, 28% used [0x00000000d5d80000,0x00000000e0cf3718,0x00000000fcc00000)
  from space 25600K, 0% used [0x00000000fe700000,0x00000000fe700000,0x0000000100000000)
  to   space 26624K, 0% used [0x00000000fcc00000,0x00000000fcc00000,0x00000000fe600000)
 ParOldGen       total 119808K, used 37856K [0x0000000081800000, 0x0000000088d00000, 0x00000000d5d80000)
  object space 119808K, 31% used [0x0000000081800000,0x0000000083cf8228,0x0000000088d00000)
 Metaspace       used 67715K, capacity 68542K, committed 68824K, reserved 1110016K
  class space    used 8416K, capacity 8609K, committed 8704K, reserved 1048576K

Card table byte_map: [0x00000000118f0000,0x0000000011cf0000] byte_map_base: 0x00000000114e4000

Marking Bits: (ParMarkBitMap*) 0x000000005207a6d0
 Begin Bits: [0x00000000127a0000, 0x0000000014740000)
 End Bits:   [0x0000000014740000, 0x00000000166e0000)

Polling page: 0x0000000000910000

CodeCache: size=245760Kb used=25943Kb max_used=25987Kb free=219816Kb
 bounds [0x0000000002530000, 0x0000000003ec0000, 0x0000000011530000]
 total_blobs=7036 nmethods=6423 adapters=533
 compilation: enabled

Compilation events (10 events):
Event: 359.432 Thread 0x000000001940b800 7849       2       org.springframework.context.annotation.AnnotationScopeMetadataResolver::resolveScopeMetadata (100 bytes)
Event: 359.434 Thread 0x000000001940b800 nmethod 7849 0x0000000003e00d90 code [0x0000000003e00fc0, 0x0000000003e01868]
Event: 359.434 Thread 0x000000001940b800 7850       2       org.springframework.context.annotation.ScopeMetadata::<init> (18 bytes)
Event: 359.434 Thread 0x000000001940b800 nmethod 7850 0x0000000003e00a10 code [0x0000000003e00b60, 0x0000000003e00cf0]
Event: 359.434 Thread 0x000000001940b800 7851       2       org.springframework.beans.factory.config.BeanDefinitionHolder::<init> (8 bytes)
Event: 359.434 Thread 0x000000001940b800 nmethod 7851 0x0000000003e00290 code [0x0000000003e00420, 0x0000000003e00758]
Event: 359.445 Thread 0x000000001940b800 7853       2       org.springframework.core.type.classreading.AnnotationMetadataReadingVisitor::visitOuterClass (8 bytes)
Event: 359.446 Thread 0x000000001940b800 nmethod 7853 0x0000000003dffbd0 code [0x0000000003dffd60, 0x0000000003dffff8]
Event: 359.446 Thread 0x000000001940b800 7854       2       org.springframework.core.type.classreading.ClassMetadataReadingVisitor::visitOuterClass (9 bytes)
Event: 359.446 Thread 0x000000001940b800 nmethod 7854 0x0000000003dff5d0 code [0x0000000003dff760, 0x0000000003dff9d8]

GC Heap History (10 events):
Event: 19.057 GC heap before
{Heap before GC invocations=14 (full 2):
 PSYoungGen      total 355328K, used 123673K [0x00000000d5d80000, 0x00000000f6600000, 0x0000000100000000)
  eden space 340992K, 32% used [0x00000000d5d80000,0x00000000dc849850,0x00000000eaa80000)
  from space 14336K, 99% used [0x00000000eaa80000,0x00000000eb87ce10,0x00000000eb880000)
  to   space 24576K, 0% used [0x00000000f4e00000,0x00000000f4e00000,0x00000000f6600000)
 ParOldGen       total 72704K, used 44734K [0x0000000081800000, 0x0000000085f00000, 0x00000000d5d80000)
  object space 72704K, 61% used [0x0000000081800000,0x00000000843af840,0x0000000085f00000)
 Metaspace       used 58351K, capacity 58952K, committed 59096K, reserved 1101824K
  class space    used 7222K, capacity 7374K, committed 7424K, reserved 1048576K
Event: 19.075 GC heap after
Heap after GC invocations=14 (full 2):
 PSYoungGen      total 493056K, used 6722K [0x00000000d5d80000, 0x00000000f5e00000, 0x0000000100000000)
  eden space 476672K, 0% used [0x00000000d5d80000,0x00000000d5d80000,0x00000000f2f00000)
  from space 16384K, 41% used [0x00000000f4e00000,0x00000000f5490ba8,0x00000000f5e00000)
  to   space 24064K, 0% used [0x00000000f2f00000,0x00000000f2f00000,0x00000000f4680000)
 ParOldGen       total 72704K, used 58816K [0x0000000081800000, 0x0000000085f00000, 0x00000000d5d80000)
  object space 72704K, 80% used [0x0000000081800000,0x00000000851703f0,0x0000000085f00000)
 Metaspace       used 58351K, capacity 58952K, committed 59096K, reserved 1101824K
  class space    used 7222K, capacity 7374K, committed 7424K, reserved 1048576K
}
Event: 19.075 GC heap before
{Heap before GC invocations=15 (full 3):
 PSYoungGen      total 493056K, used 6722K [0x00000000d5d80000, 0x00000000f5e00000, 0x0000000100000000)
  eden space 476672K, 0% used [0x00000000d5d80000,0x00000000d5d80000,0x00000000f2f00000)
  from space 16384K, 41% used [0x00000000f4e00000,0x00000000f5490ba8,0x00000000f5e00000)
  to   space 24064K, 0% used [0x00000000f2f00000,0x00000000f2f00000,0x00000000f4680000)
 ParOldGen       total 72704K, used 58816K [0x0000000081800000, 0x0000000085f00000, 0x00000000d5d80000)
  object space 72704K, 80% used [0x0000000081800000,0x00000000851703f0,0x0000000085f00000)
 Metaspace       used 58351K, capacity 58952K, committed 59096K, reserved 1101824K
  class space    used 7222K, capacity 7374K, committed 7424K, reserved 1048576K
Event: 19.329 GC heap after
Heap after GC invocations=15 (full 3):
 PSYoungGen      total 493056K, used 0K [0x00000000d5d80000, 0x00000000f5e00000, 0x0000000100000000)
  eden space 476672K, 0% used [0x00000000d5d80000,0x00000000d5d80000,0x00000000f2f00000)
  from space 16384K, 0% used [0x00000000f4e00000,0x00000000f4e00000,0x00000000f5e00000)
  to   space 24064K, 0% used [0x00000000f2f00000,0x00000000f2f00000,0x00000000f4680000)
 ParOldGen       total 119808K, used 48020K [0x0000000081800000, 0x0000000088d00000, 0x00000000d5d80000)
  object space 119808K, 40% used [0x0000000081800000,0x00000000846e5160,0x0000000088d00000)
 Metaspace       used 58329K, capacity 58916K, committed 59096K, reserved 1101824K
  class space    used 7219K, capacity 7368K, committed 7424K, reserved 1048576K
}
Event: 358.163 GC heap before
{Heap before GC invocations=16 (full 3):
 PSYoungGen      total 493056K, used 476672K [0x00000000d5d80000, 0x00000000f5e00000, 0x0000000100000000)
  eden space 476672K, 100% used [0x00000000d5d80000,0x00000000f2f00000,0x00000000f2f00000)
  from space 16384K, 0% used [0x00000000f4e00000,0x00000000f4e00000,0x00000000f5e00000)
  to   space 24064K, 0% used [0x00000000f2f00000,0x00000000f2f00000,0x00000000f4680000)
 ParOldGen       total 119808K, used 48020K [0x0000000081800000, 0x0000000088d00000, 0x00000000d5d80000)
  object space 119808K, 40% used [0x0000000081800000,0x00000000846e5160,0x0000000088d00000)
 Metaspace       used 67483K, capacity 68312K, committed 68568K, reserved 1110016K
  class space    used 8398K, capacity 8590K, committed 8704K, reserved 1048576K
Event: 358.179 GC heap after
Heap after GC invocations=16 (full 3):
 PSYoungGen      total 500736K, used 19082K [0x00000000d5d80000, 0x0000000100000000, 0x0000000100000000)
  eden space 476672K, 0% used [0x00000000d5d80000,0x00000000d5d80000,0x00000000f2f00000)
  from space 24064K, 79% used [0x00000000f2f00000,0x00000000f41a2810,0x00000000f4680000)
  to   space 25600K, 0% used [0x00000000fe700000,0x00000000fe700000,0x0000000100000000)
 ParOldGen       total 119808K, used 48028K [0x0000000081800000, 0x0000000088d00000, 0x00000000d5d80000)
  object space 119808K, 40% used [0x0000000081800000,0x00000000846e7160,0x0000000088d00000)
 Metaspace       used 67483K, capacity 68312K, committed 68568K, reserved 1110016K
  class space    used 8398K, capacity 8590K, committed 8704K, reserved 1048576K
}
Event: 358.444 GC heap before
{Heap before GC invocations=17 (full 3):
 PSYoungGen      total 500736K, used 44573K [0x00000000d5d80000, 0x0000000100000000, 0x0000000100000000)
  eden space 476672K, 5% used [0x00000000d5d80000,0x00000000d7664fc0,0x00000000f2f00000)
  from space 24064K, 79% used [0x00000000f2f00000,0x00000000f41a2810,0x00000000f4680000)
  to   space 25600K, 0% used [0x00000000fe700000,0x00000000fe700000,0x0000000100000000)
 ParOldGen       total 119808K, used 48028K [0x0000000081800000, 0x0000000088d00000, 0x00000000d5d80000)
  object space 119808K, 40% used [0x0000000081800000,0x00000000846e7160,0x0000000088d00000)
 Metaspace       used 67627K, capacity 68452K, committed 68824K, reserved 1110016K
  class space    used 8406K, capacity 8593K, committed 8704K, reserved 1048576K
Event: 358.451 GC heap after
Heap after GC invocations=17 (full 3):
 PSYoungGen      total 663040K, used 304K [0x00000000d5d80000, 0x0000000100000000, 0x0000000100000000)
  eden space 637440K, 0% used [0x00000000d5d80000,0x00000000d5d80000,0x00000000fcc00000)
  from space 25600K, 1% used [0x00000000fe700000,0x00000000fe74c390,0x0000000100000000)
  to   space 26624K, 0% used [0x00000000fcc00000,0x00000000fcc00000,0x00000000fe600000)
 ParOldGen       total 119808K, used 59557K [0x0000000081800000, 0x0000000088d00000, 0x00000000d5d80000)
  object space 119808K, 49% used [0x0000000081800000,0x00000000852294b0,0x0000000088d00000)
 Metaspace       used 67627K, capacity 68452K, committed 68824K, reserved 1110016K
  class space    used 8406K, capacity 8593K, committed 8704K, reserved 1048576K
}
Event: 358.451 GC heap before
{Heap before GC invocations=18 (full 4):
 PSYoungGen      total 663040K, used 304K [0x00000000d5d80000, 0x0000000100000000, 0x0000000100000000)
  eden space 637440K, 0% used [0x00000000d5d80000,0x00000000d5d80000,0x00000000fcc00000)
  from space 25600K, 1% used [0x00000000fe700000,0x00000000fe74c390,0x0000000100000000)
  to   space 26624K, 0% used [0x00000000fcc00000,0x00000000fcc00000,0x00000000fe600000)
 ParOldGen       total 119808K, used 59557K [0x0000000081800000, 0x0000000088d00000, 0x00000000d5d80000)
  object space 119808K, 49% used [0x0000000081800000,0x00000000852294b0,0x0000000088d00000)
 Metaspace       used 67627K, capacity 68452K, committed 68824K, reserved 1110016K
  class space    used 8406K, capacity 8593K, committed 8704K, reserved 1048576K
Event: 358.683 GC heap after
Heap after GC invocations=18 (full 4):
 PSYoungGen      total 663040K, used 0K [0x00000000d5d80000, 0x0000000100000000, 0x0000000100000000)
  eden space 637440K, 0% used [0x00000000d5d80000,0x00000000d5d80000,0x00000000fcc00000)
  from space 25600K, 0% used [0x00000000fe700000,0x00000000fe700000,0x0000000100000000)
  to   space 26624K, 0% used [0x00000000fcc00000,0x00000000fcc00000,0x00000000fe600000)
 ParOldGen       total 119808K, used 37856K [0x0000000081800000, 0x0000000088d00000, 0x00000000d5d80000)
  object space 119808K, 31% used [0x0000000081800000,0x0000000083cf8228,0x0000000088d00000)
 Metaspace       used 67627K, capacity 68452K, committed 68824K, reserved 1110016K
  class space    used 8406K, capacity 8593K, committed 8704K, reserved 1048576K
}

Deoptimization events (10 events):
Event: 359.448 Thread 0x0000000020b0f800 Uncommon trap: reason=unhandled action=none pc=0x0000000002f33b9c method=java.net.URLClassLoader.findClass(Ljava/lang/String;)Ljava/lang/Class; @ 44
Event: 359.448 Thread 0x0000000020b0f800 Uncommon trap: reason=unhandled action=none pc=0x0000000002f33b9c method=java.net.URLClassLoader.findClass(Ljava/lang/String;)Ljava/lang/Class; @ 44
Event: 359.448 Thread 0x0000000020b0f800 Uncommon trap: reason=unhandled action=none pc=0x0000000002f33b9c method=java.net.URLClassLoader.findClass(Ljava/lang/String;)Ljava/lang/Class; @ 44
Event: 359.448 Thread 0x0000000020b0f800 Uncommon trap: reason=unhandled action=none pc=0x0000000002f33b9c method=java.net.URLClassLoader.findClass(Ljava/lang/String;)Ljava/lang/Class; @ 44
Event: 359.449 Thread 0x0000000020b0f800 Uncommon trap: reason=unhandled action=none pc=0x0000000002f33b9c method=java.net.URLClassLoader.findClass(Ljava/lang/String;)Ljava/lang/Class; @ 44
Event: 359.449 Thread 0x0000000020b0f800 Uncommon trap: reason=unhandled action=none pc=0x0000000002f33b9c method=java.net.URLClassLoader.findClass(Ljava/lang/String;)Ljava/lang/Class; @ 44
Event: 359.450 Thread 0x0000000020b0f800 Uncommon trap: reason=unhandled action=none pc=0x0000000002f33b9c method=java.net.URLClassLoader.findClass(Ljava/lang/String;)Ljava/lang/Class; @ 44
Event: 359.450 Thread 0x0000000020b0f800 Uncommon trap: reason=unhandled action=none pc=0x0000000002f33b9c method=java.net.URLClassLoader.findClass(Ljava/lang/String;)Ljava/lang/Class; @ 44
Event: 359.450 Thread 0x0000000020b0f800 Uncommon trap: reason=unhandled action=none pc=0x0000000002f33b9c method=java.net.URLClassLoader.findClass(Ljava/lang/String;)Ljava/lang/Class; @ 44
Event: 359.450 Thread 0x0000000020b0f800 Uncommon trap: reason=unhandled action=none pc=0x0000000002f33b9c method=java.net.URLClassLoader.findClass(Ljava/lang/String;)Ljava/lang/Class; @ 44

Internal exceptions (10 events):
Event: 358.779 Thread 0x0000000020b0f800 Exception <a 'java/lang/ArrayIndexOutOfBoundsException': 53> (0x00000000d7766ba0) thrown at [C:\re\workspace\8-2-build-windows-amd64-cygwin\jdk8u101\7261\hotspot\src\share\vm\interpreter\interpreterRuntime.cpp, line 366]
Event: 358.779 Thread 0x0000000020b0f800 Exception <a 'java/lang/ArrayIndexOutOfBoundsException': 54> (0x00000000d7768310) thrown at [C:\re\workspace\8-2-build-windows-amd64-cygwin\jdk8u101\7261\hotspot\src\share\vm\interpreter\interpreterRuntime.cpp, line 366]
Event: 358.781 Thread 0x0000000020b0f800 Exception <a 'java/lang/ClassNotFoundException': ch/qos/logback/core/rolling/TimeBasedRollingPolicyBeanInfo> (0x00000000d77b83f0) thrown at [C:\re\workspace\8-2-build-windows-amd64-cygwin\jdk8u101\7261\hotspot\src\share\vm\classfile\systemDictionary.cpp, lıüÔÕÑlv@
Event: 358.782 Thread 0x0000000020b0f800 Exception <a 'java/lang/ClassNotFoundException': ch/qos/logback/core/rolling/RollingPolicyBaseBeanInfo> (0x00000000d77de310) thrown at [C:\re\workspace\8-2-build-windows-amd64-cygwin\jdk8u101\7261\hotspot\src\share\vm\classfile\systemDictionary.cpp, line 2u"~âlv@
Event: 358.784 Thread 0x0000000020b0f800 Exception <a 'java/lang/ClassNotFoundException': ch/qos/logback/core/rolling/RollingPolicyBaseCustomizer> (0x00000000d7804c88) thrown at [C:\re\workspace\8-2-build-windows-amd64-cygwin\jdk8u101\7261\hotspot\src\share\vm\classfile\systemDictionary.cpp, line
Event: 358.785 Thread 0x0000000020b0f800 Exception <a 'java/lang/ClassNotFoundException': ch/qos/logback/core/rolling/TimeBasedRollingPolicyCustomizer> (0x00000000d78377f0) thrown at [C:\re\workspace\8-2-build-windows-amd64-cygwin\jdk8u101\7261\hotspot\src\share\vm\classfile\systemDictionary.cpp,mûäΩèlv@
Event: 358.785 Thread 0x0000000020b0f800 Exception <a 'java/lang/ArrayIndexOutOfBoundsException': 20> (0x00000000d783c4e0) thrown at [C:\re\workspace\8-2-build-windows-amd64-cygwin\jdk8u101\7261\hotspot\src\share\vm\interpreter\interpreterRuntime.cpp, line 366]
Event: 358.785 Thread 0x0000000020b0f800 Exception <a 'java/lang/ArrayIndexOutOfBoundsException': 75> (0x00000000d783f780) thrown at [C:\re\workspace\8-2-build-windows-amd64-cygwin\jdk8u101\7261\hotspot\src\share\vm\interpreter\interpreterRuntime.cpp, line 366]
Event: 358.785 Thread 0x0000000020b0f800 Exception <a 'java/lang/ArrayIndexOutOfBoundsException': 76> (0x00000000d7841318) thrown at [C:\re\workspace\8-2-build-windows-amd64-cygwin\jdk8u101\7261\hotspot\src\share\vm\interpreter\interpreterRuntime.cpp, line 366]
Event: 359.063 Thread 0x0000000020b0f800 Implicit null exception at 0x0000000003d53b06 to 0x0000000003d57dd9

Events (10 events):
Event: 359.450 Thread 0x0000000020b0f800 DEOPT UNPACKING pc=0x000000000257582a sp=0x000000001c89d3b0 mode 2
Event: 359.450 Thread 0x0000000020b0f800 Uncommon trap: trap_request=0xffffffa7 fr.pc=0x0000000002f33b9c
Event: 359.450 Thread 0x0000000020b0f800 DEOPT PACKING pc=0x0000000002f33b9c sp=0x000000001c89d490
Event: 359.450 Thread 0x0000000020b0f800 DEOPT UNPACKING pc=0x000000000257582a sp=0x000000001c89d3b0 mode 2
Event: 359.450 Thread 0x0000000020b0f800 Uncommon trap: trap_request=0xffffffa7 fr.pc=0x0000000002f33b9c
Event: 359.450 Thread 0x0000000020b0f800 DEOPT PACKING pc=0x0000000002f33b9c sp=0x000000001c89d490
Event: 359.450 Thread 0x0000000020b0f800 DEOPT UNPACKING pc=0x000000000257582a sp=0x000000001c89d3b0 mode 2
Event: 359.450 Thread 0x0000000020b0f800 Uncommon trap: trap_request=0xffffffa7 fr.pc=0x0000000002f33b9c
Event: 359.450 Thread 0x0000000020b0f800 DEOPT PACKING pc=0x0000000002f33b9c sp=0x000000001c89d490
Event: 359.450 Thread 0x0000000020b0f800 DEOPT UNPACKING pc=0x000000000257582a sp=0x000000001c89d3b0 mode 2


Dynamic libraries:
0x00007ff699c90000 - 0x00007ff699cc7000 	C:\Program Files\Java\jdk1.8.0_101\bin\javaw.exe
0x00007ffa176b0000 - 0x00007ffa1785d000 	C:\WINDOWS\SYSTEM32\ntdll.dll
0x00007ffa152d0000 - 0x00007ffa1540e000 	C:\WINDOWS\system32\KERNEL32.DLL
0x00007ffa14b10000 - 0x00007ffa14c25000 	C:\WINDOWS\system32\KERNELBASE.dll
0x00007ffa13390000 - 0x00007ffa1341e000 	C:\WINDOWS\system32\apphelp.dll
0x00007ffa022c0000 - 0x00007ffa02313000 	C:\WINDOWS\AppPatch\AppPatch64\AcGenral.DLL
0x00007ffa15ab0000 - 0x00007ffa15b5a000 	C:\WINDOWS\system32\msvcrt.dll
0x00007ffa14a80000 - 0x00007ffa14aae000 	C:\WINDOWS\system32\SspiCli.dll
0x00007ffa15410000 - 0x00007ffa15464000 	C:\WINDOWS\system32\SHLWAPI.dll
0x00007ffa158c0000 - 0x00007ffa15a37000 	C:\WINDOWS\system32\USER32.dll
0x00007ffa14fe0000 - 0x00007ffa15174000 	C:\WINDOWS\system32\ole32.dll
0x00007ffa16060000 - 0x00007ffa17588000 	C:\WINDOWS\system32\SHELL32.dll
0x00007ffa13d90000 - 0x00007ffa13db1000 	C:\WINDOWS\SYSTEM32\USERENV.dll
0x00007ffa14d30000 - 0x00007ffa14dda000 	C:\WINDOWS\system32\ADVAPI32.dll
0x00007ffa0c230000 - 0x00007ffa0c24e000 	C:\WINDOWS\SYSTEM32\MPR.dll
0x00007ffa15b60000 - 0x00007ffa15ca0000 	C:\WINDOWS\system32\RPCRT4.dll
0x00007ffa15470000 - 0x00007ffa154c9000 	C:\WINDOWS\SYSTEM32\sechost.dll
0x00007ffa15540000 - 0x00007ffa15752000 	C:\WINDOWS\SYSTEM32\combase.dll
0x00007ffa15180000 - 0x00007ffa152cf000 	C:\WINDOWS\system32\GDI32.dll
0x00007ffa147d0000 - 0x00007ffa147e5000 	C:\WINDOWS\SYSTEM32\profapi.dll
0x00007ffa119c0000 - 0x00007ffa11a72000 	C:\WINDOWS\SYSTEM32\SHCORE.dll
0x00007ffa15d90000 - 0x00007ffa15dc6000 	C:\WINDOWS\system32\IMM32.DLL
0x00007ffa15760000 - 0x00007ffa158b2000 	C:\WINDOWS\system32\MSCTF.dll
0x00007ffa0e540000 - 0x00007ffa0e7bb000 	C:\WINDOWS\WinSxS\amd64_microsoft.windows.common-controls_6595b64144ccf1df_6.0.9600.18006_none_623f33d3ecbe86e8\COMCTL32.dll
0x0000000050800000 - 0x00000000508d2000 	C:\Program Files\Java\jdk1.8.0_101\jre\bin\msvcr100.dll
0x0000000051860000 - 0x00000000520fa000 	C:\Program Files\Java\jdk1.8.0_101\jre\bin\server\jvm.dll
0x00007ffa0bfa0000 - 0x00007ffa0bfa9000 	C:\WINDOWS\SYSTEM32\WSOCK32.dll
0x00007ffa02c80000 - 0x00007ffa02ca2000 	C:\WINDOWS\SYSTEM32\WINMM.dll
0x00007ffa11920000 - 0x00007ffa1192a000 	C:\WINDOWS\SYSTEM32\VERSION.dll
0x00007ffa15a40000 - 0x00007ffa15a47000 	C:\WINDOWS\system32\PSAPI.DLL
0x00007ffa15a50000 - 0x00007ffa15aaa000 	C:\WINDOWS\system32\WS2_32.dll
0x00007ffa02c50000 - 0x00007ffa02c7a000 	C:\WINDOWS\SYSTEM32\WINMMBASE.dll
0x00007ffa15d60000 - 0x00007ffa15d69000 	C:\WINDOWS\system32\NSI.dll
0x00007ffa14ce0000 - 0x00007ffa14d2f000 	C:\WINDOWS\SYSTEM32\cfgmgr32.dll
0x00007ffa135f0000 - 0x00007ffa13618000 	C:\WINDOWS\SYSTEM32\DEVOBJ.dll
0x0000000051850000 - 0x000000005185f000 	C:\Program Files\Java\jdk1.8.0_101\jre\bin\verify.dll
0x0000000051820000 - 0x0000000051849000 	C:\Program Files\Java\jdk1.8.0_101\jre\bin\java.dll
0x0000000050540000 - 0x0000000050575000 	C:\Program Files\Java\jdk1.8.0_101\jre\bin\jdwp.dll
0x0000000051710000 - 0x0000000051718000 	C:\Program Files\Java\jdk1.8.0_101\jre\bin\npt.dll
0x0000000051800000 - 0x0000000051816000 	C:\Program Files\Java\jdk1.8.0_101\jre\bin\zip.dll
0x0000000050530000 - 0x0000000050539000 	C:\Program Files\Java\jdk1.8.0_101\jre\bin\dt_socket.dll
0x00007ff9fa940000 - 0x00007ff9fa955000 	C:\WINDOWS\system32\napinsp.dll
0x00007ff9fa960000 - 0x00007ff9fa97a000 	C:\WINDOWS\system32\pnrpnsp.dll
0x00007ffa12c90000 - 0x00007ffa12cab000 	C:\WINDOWS\system32\NLAapi.dll
0x00007ffa14000000 - 0x00007ffa14059000 	C:\WINDOWS\System32\mswsock.dll
0x00007ffa13e00000 - 0x00007ffa13ea4000 	C:\WINDOWS\SYSTEM32\DNSAPI.dll
0x00007ffa00b30000 - 0x00007ffa00b3d000 	C:\WINDOWS\System32\winrnr.dll
0x00007ffa00a20000 - 0x00007ffa00a34000 	C:\WINDOWS\system32\wshbth.dll
0x00007ffa11e00000 - 0x00007ffa11e6b000 	C:\WINDOWS\System32\fwpuclnt.dll
0x00007ffa021b0000 - 0x00007ffa021ba000 	C:\Windows\System32\rasadhlp.dll
0x0000000052870000 - 0x000000005287d000 	C:\Program Files\Java\jdk1.8.0_101\jre\bin\management.dll
0x0000000051790000 - 0x00000000517aa000 	C:\Program Files\Java\jdk1.8.0_101\jre\bin\net.dll
0x0000000051770000 - 0x0000000051781000 	C:\Program Files\Java\jdk1.8.0_101\jre\bin\nio.dll
0x00007ffa126c0000 - 0x00007ffa126ea000 	C:\WINDOWS\SYSTEM32\IPHLPAPI.DLL
0x00007ffa12690000 - 0x00007ffa1269a000 	C:\WINDOWS\SYSTEM32\WINNSI.DLL
0x00007ffa14060000 - 0x00007ffa14080000 	C:\WINDOWS\SYSTEM32\CRYPTSP.dll
0x00007ffa13c80000 - 0x00007ffa13cb6000 	C:\WINDOWS\system32\rsaenh.dll
0x00007ffa142b0000 - 0x00007ffa142d6000 	C:\WINDOWS\SYSTEM32\bcrypt.dll
0x00007ffa145d0000 - 0x00007ffa14633000 	C:\WINDOWS\system32\bcryptprimitives.dll
0x00007ffa14640000 - 0x00007ffa1464b000 	C:\WINDOWS\SYSTEM32\CRYPTBASE.dll
0x00007ffa11ae0000 - 0x00007ffa11af6000 	C:\WINDOWS\SYSTEM32\dhcpcsvc6.DLL
0x00007ffa11fd0000 - 0x00007ffa11fea000 	C:\WINDOWS\SYSTEM32\dhcpcsvc.DLL
0x0000000050660000 - 0x00000000507f8000 	C:\Program Files\Java\jdk1.8.0_101\jre\bin\awt.dll
0x00007ffa15f90000 - 0x00007ffa16056000 	C:\WINDOWS\system32\OLEAUT32.dll
0x00007ffa07aa0000 - 0x00007ffa07aef000 	C:\WINDOWS\SYSTEM32\pdh.dll
0x00007ffa02260000 - 0x00007ffa0226d000 	C:\WINDOWS\System32\perfos.dll
0x00007ffa0c6e0000 - 0x00007ffa0c869000 	C:\WINDOWS\SYSTEM32\dbghelp.dll

VM Arguments:
jvm_args: -agentlib:jdwp=transport=dt_socket,suspend=y,address=localhost:3292 -Dcom.sun.management.jmxremote -Dcom.sun.management.jmxremote.port=3291 -Dcom.sun.management.jmxremote.authenticate=false -Dcom.sun.management.jmxremote.ssl=false -Djava.rmi.server.hostname=localhost -Dspring.liveBeansView.mbeanDomain -Dspring.application.admin.enabled=true -Dfile.encoding=Cp1252 
java_command: com.ntgclarity.mandarine.app.Application --spring.output.ansi.enabled=always
java_class_path (initial): C:\Users\Sheko\Desktop\gp\stage_mandarine\stage_mandarine\bin;C:\Users\Sheko\Desktop\java\bvh\xna\gradle-2.7-all\caches\modules-2\files-2.1\org.springframework.boot\spring-boot-starter-web\1.3.2.RELEASE\11876c0f2e6c9b00530e919f915d0ff6f665f7bc\spring-boot-starter-web-1.3.2.RELEASE.jar;C:\Users\Sheko\Desktop\java\bvh\xna\gradle-2.7-all\caches\modules-2\files-2.1\org.springframework.boot\spring-boot-starter-tomcat\1.3.2.RELEASE\cd57af767a29484de124b8ed46ae82d974cc6901\spring-boot-starter-tomcat-1.3.2.RELEASE.jar;C:\Users\Sheko\Desktop\java\bvh\xna\gradle-2.7-all\caches\modules-2\files-2.1\org.springframework.boot\spring-boot-actuator\1.3.2.RELEASE\45b1026dc7256472b8553f030bbad72a8966c393\spring-boot-actuator-1.3.2.RELEASE.jar;C:\Users\Sheko\Desktop\java\bvh\xna\gradle-2.7-all\caches\modules-2\files-2.1\org.springframework.boot\spring-boot-starter-ws\1.3.2.RELEASE\2dca4c012e3118422521a7243331c7dfffa32a77\spring-boot-starter-ws-1.3.2.RELEASE.jar;C:\Users\Sheko\Desktop\java\bvh\xna\gradle-2.7-all\caches\modules-2\files-2.1\org.springframework.boot\spring-boot-devtools\1.3.2.RELEASE\de5f1634835c658cd609717dbc7550a2f1939f2e\spring-boot-devtools-1.3.2.RELEASE.jar;C:\Users\Sheko\Desktop\java\bvh\xna\gradle-2.7-all\caches\modules-2\files-2.1\org.flywaydb\flyway-core\3.2.1\88347e9a484152e9b80fbad7648d1b552a8cff78\flyway-core-3.2.1.jar;C:\Users\Sheko\Desktop\java\bvh\xna\gradle-2.7-all\caches\modules-2\files-2.1\org.slf4j\jcl-over-slf4j\1.7.12\adef7a9e1263298255fdb5cb107ff171d07c82f3\jcl-over-slf4j-1.7.12.jar;C:\Users\Sheko\Desktop\java\bvh\xna\gradle-2.7-all\caches\modules-2\files-2.1\ch.qos.logback\logback-classic\1.1.3\d90276fff414f06cb375f2057f6778cd63c6082f\logback-classic-1.1.3.jar;C:\Users\Sheko\Desktop\java\bvh\xna\gradle-2.7-all\caches\modules-2\files-2.1\commons-io\commons-io\2.4\b1b6ea3b7e4aa4f492509a4952029cd8e48019ad\commons-io-2.4.jar;C:\Users\Sheko\Desktop\java\bvh\xna\gradle-2.7-all\caches\modules-2\files-2.1\com.mysema.querydsl\quer
Launcher Type: SUN_STANDARD

Environment Variables:
PATH=C:\Program Files\Java\jdk1.8.0_101\jre\bin;C:/Program Files/Java/jdk1.8.0_101/bin/../jre/bin/server;C:/Program Files/Java/jdk1.8.0_101/bin/../jre/bin;C:/Program Files/Java/jdk1.8.0_101/bin/../jre/lib/amd64;C:\Program Files\Java\jdk1.8.0_101\bin;.;C:\ProgramData\Oracle\Java\javapath;C:\oraclexe\app\oracle\product\11.2.0\server\bin;C:\Program Files\Microsoft MPI\Bin\;C:\WINDOWS\system32;C:\WINDOWS;C:\WINDOWS\System32\Wbem;C:\WINDOWS\System32\WindowsPowerShell\v1.0\;C:\Program Files\Microsoft\Web Platform Installer\;C:\Program Files (x86)\Microsoft ASP.NET\ASP.NET Web Pages\v1.0\;C:\Program Files (x86)\Windows Kits\8.0\Windows Performance Toolkit\;C:\Program Files\Microsoft SQL Server\110\Tools\Binn\;C:\Program Files (x86)\Rational\ClearQuest;C:\Program Files\Microsoft SQL Server\120\Tools\Binn\;C:\Program Files\Microsoft SQL Server\110\DTS\Binn\;C:\Program Files (x86)\Microsoft SQL Server\110\Tools\Binn\;C:\Program Files (x86)\Microsoft SQL Server\110\Tools\Binn\ManagementStudio\;C:\Program Files (x86)\Microsoft Visual Studio 10.0\Common7\IDE\PrivateAssemblies\;C:\Program Files (x86)\Microsoft SQL Server\110\DTS\Binn\;C:\Program Files (x86)\Brackets\command;C:\Program Files\nodejs\;C:\Program Files (x86)\Skype\Phone\;C:\Users\Sheko\AppData\Local\atom\bin;C:\Users\Sheko\AppData\Roaming\npm;C:\Program Files (x86)\Microsoft VS Code\bin;C:\Users\Sheko\Desktop\java\bvh\xna\sts-bundle\sts-3.8.4.RELEASE;
USERNAME=Sheko
SHELL=C:\PROGRA~2\RATIONAL\RATION~1\NUTCROOT\mksnt\sh.exe
DISPLAY=:0.0
OS=Windows_NT
PROCESSOR_IDENTIFIER=Intel64 Family 6 Model 58 Stepping 9, GenuineIntel



---------------  S Y S T E M  ---------------

OS: Windows 8.1 , 64 bit Build 9600 (6.3.9600.17415)

CPU:total 8 (4 cores per cpu, 2 threads per core) family 6 model 58 stepping 9, cmov, cx8, fxsr, mmx, sse, sse2, sse3, ssse3, sse4.1, sse4.2, popcnt, avx, aes, clmul, erms, ht, tsc, tscinvbit, tscinv

Memory: 4k page, physical 8288616k(2971224k free), swap 12351848k(3560120k free)

vm_info: Java HotSpot(TM) 64-Bit Server VM (25.101-b13) for windows-amd64 JRE (1.8.0_101-b13), built on Jun 22 2016 01:21:29 by "java_re" with MS VC++ 10.0 (VS2010)

time: Sun Jun 11 22:58:35 2017
elapsed time: 362 seconds (0d 0h 6m 2s)

